{"/home/andres/Documents/projects2019/search-api/src/services/search/SearchController.ts": {"path":"/home/andres/Documents/projects2019/search-api/src/services/search/SearchController.ts","statementMap":{"0":{"start":{"line":1,"column":0},"end":{"line":1,"column":61}},"1":{"start":{"line":3,"column":13},"end":{"line":12,"column":2}},"2":{"start":{"line":3,"column":51},"end":{"line":12,"column":2}},"3":{"start":{"line":5,"column":8},"end":{"line":8,"column":10}},"4":{"start":{"line":11,"column":4},"end":{"line":11,"column":30}}},"fnMap":{"0":{"name":"(anonymous_6)","decl":{"start":{"line":3,"column":31},"end":{"line":3,"column":38}},"loc":{"start":{"line":3,"column":51},"end":{"line":12,"column":2}}},"1":{"name":"(anonymous_7)","decl":{"start":{"line":3,"column":51},"end":{"line":3,"column":null}},"loc":{"start":{"line":3,"column":51},"end":{"line":12,"column":1}}}},"branchMap":{},"s":{"0":1,"1":1,"2":2,"3":0,"4":2},"f":{"0":2,"1":2},"b":{}}
,"/home/andres/Documents/projects2019/search-api/src/services/search/providers/OpenCageDataProvider.ts": {"path":"/home/andres/Documents/projects2019/search-api/src/services/search/providers/OpenCageDataProvider.ts","statementMap":{"0":{"start":{"line":1,"column":0},"end":{"line":1,"column":38}},"1":{"start":{"line":2,"column":0},"end":{"line":2,"column":28}},"2":{"start":{"line":4,"column":0},"end":{"line":4,"column":16}},"3":{"start":{"line":6,"column":13},"end":{"line":11,"column":2}},"4":{"start":{"line":6,"column":49},"end":{"line":11,"column":2}},"5":{"start":{"line":7,"column":16},"end":{"line":7,"column":46}},"6":{"start":{"line":8,"column":16},"end":{"line":8,"column":113}},"7":{"start":{"line":9,"column":21},"end":{"line":9,"column":39}},"8":{"start":{"line":10,"column":4},"end":{"line":10,"column":32}}},"fnMap":{"0":{"name":"(anonymous_7)","decl":{"start":{"line":6,"column":25},"end":{"line":6,"column":32}},"loc":{"start":{"line":6,"column":49},"end":{"line":11,"column":2}}},"1":{"name":"(anonymous_8)","decl":{"start":{"line":6,"column":49},"end":{"line":6,"column":null}},"loc":{"start":{"line":6,"column":49},"end":{"line":11,"column":1}}}},"branchMap":{},"s":{"0":2,"1":2,"2":2,"3":2,"4":4,"5":4,"6":4,"7":4,"8":4},"f":{"0":4,"1":4},"b":{}}
}
