TN:
SF:/home/andres/Documents/projects2019/search-api/src/services/search/SearchController.ts
FN:3,(anonymous_6)
FN:3,(anonymous_7)
FNF:2
FNH:2
FNDA:2,(anonymous_6)
FNDA:2,(anonymous_7)
DA:1,1
DA:3,2
DA:5,0
DA:11,2
LF:4
LH:3
BRF:0
BRH:0
end_of_record
TN:
SF:/home/andres/Documents/projects2019/search-api/src/services/search/providers/OpenCageDataProvider.ts
FN:6,(anonymous_7)
FN:6,(anonymous_8)
FNF:2
FNH:2
FNDA:4,(anonymous_7)
FNDA:4,(anonymous_8)
DA:1,2
DA:2,2
DA:4,2
DA:6,4
DA:7,4
DA:8,4
DA:9,4
DA:10,4
LF:8
LH:8
BRF:0
BRH:0
end_of_record
